"Backed up old pbo to exile.malden.pbo.2019_04_19-17.28.34. Starting build at 2019_04_19-17.28.34" 
C:\Users\Gerry\Documents\Arma 3 - Other Profiles\Remasters\missions\exile.malden\call.fsm
C:\Users\Gerry\Documents\Arma 3 - Other Profiles\Remasters\missions\exile.malden\CfgRemoteExec.hpp
C:\Users\Gerry\Documents\Arma 3 - Other Profiles\Remasters\missions\exile.malden\config.cpp
C:\Users\Gerry\Documents\Arma 3 - Other Profiles\Remasters\missions\exile.malden\debug.sqf
C:\Users\Gerry\Documents\Arma 3 - Other Profiles\Remasters\missions\exile.malden\description.ext
C:\Users\Gerry\Documents\Arma 3 - Other Profiles\Remasters\missions\exile.malden\ExileServer_system_trading_network_purchaseVehicleRequest.sqf
C:\Users\Gerry\Documents\Arma 3 - Other Profiles\Remasters\missions\exile.malden\gpf_BambiNPC.sqf
C:\Users\Gerry\Documents\Arma 3 - Other Profiles\Remasters\missions\exile.malden\gpf_boats.sqf
C:\Users\Gerry\Documents\Arma 3 - Other Profiles\Remasters\missions\exile.malden\gpf_call_evac.sqf
C:\Users\Gerry\Documents\Arma 3 - Other Profiles\Remasters\missions\exile.malden\gpf_carrier_targets.sqf
C:\Users\Gerry\Documents\Arma 3 - Other Profiles\Remasters\missions\exile.malden\gpf_deathsquad.sqf
C:\Users\Gerry\Documents\Arma 3 - Other Profiles\Remasters\missions\exile.malden\gpf_fn_enemyWave.sqf
C:\Users\Gerry\Documents\Arma 3 - Other Profiles\Remasters\missions\exile.malden\gpf_fn_evac.sqf
C:\Users\Gerry\Documents\Arma 3 - Other Profiles\Remasters\missions\exile.malden\gpf_fn_hunt.sqf
C:\Users\Gerry\Documents\Arma 3 - Other Profiles\Remasters\missions\exile.malden\gpf_fn_JailTime.sqf
C:\Users\Gerry\Documents\Arma 3 - Other Profiles\Remasters\missions\exile.malden\gpf_fn_killmsg.sqf
C:\Users\Gerry\Documents\Arma 3 - Other Profiles\Remasters\missions\exile.malden\gpf_fn_msg.sqf
C:\Users\Gerry\Documents\Arma 3 - Other Profiles\Remasters\missions\exile.malden\gpf_fn_rescueEvac.sqf
C:\Users\Gerry\Documents\Arma 3 - Other Profiles\Remasters\missions\exile.malden\gpf_fn_targets.sqf
C:\Users\Gerry\Documents\Arma 3 - Other Profiles\Remasters\missions\exile.malden\gpf_GuardNPC.sqf
C:\Users\Gerry\Documents\Arma 3 - Other Profiles\Remasters\missions\exile.malden\gpf_helo.sqf
C:\Users\Gerry\Documents\Arma 3 - Other Profiles\Remasters\missions\exile.malden\gpf_manhunt.sqf
C:\Users\Gerry\Documents\Arma 3 - Other Profiles\Remasters\missions\exile.malden\gpf_patrol.sqf
C:\Users\Gerry\Documents\Arma 3 - Other Profiles\Remasters\missions\exile.malden\gpf_randomgear.sqf
C:\Users\Gerry\Documents\Arma 3 - Other Profiles\Remasters\missions\exile.malden\gpf_rearm.sqf
C:\Users\Gerry\Documents\Arma 3 - Other Profiles\Remasters\missions\exile.malden\gpf_rescue.sqf
C:\Users\Gerry\Documents\Arma 3 - Other Profiles\Remasters\missions\exile.malden\gpf_roamingpaths.sqf
C:\Users\Gerry\Documents\Arma 3 - Other Profiles\Remasters\missions\exile.malden\gpf_score.sqf
C:\Users\Gerry\Documents\Arma 3 - Other Profiles\Remasters\missions\exile.malden\gpf_staticNPC.sqf
C:\Users\Gerry\Documents\Arma 3 - Other Profiles\Remasters\missions\exile.malden\gpf_TroopDrop.sqf
C:\Users\Gerry\Documents\Arma 3 - Other Profiles\Remasters\missions\exile.malden\gpf_troops.sqf
C:\Users\Gerry\Documents\Arma 3 - Other Profiles\Remasters\missions\exile.malden\infiSTAR_AdminMenu.hpp
C:\Users\Gerry\Documents\Arma 3 - Other Profiles\Remasters\missions\exile.malden\infiSTAR_chat.hpp
C:\Users\Gerry\Documents\Arma 3 - Other Profiles\Remasters\missions\exile.malden\infiSTAR_defines.hpp
C:\Users\Gerry\Documents\Arma 3 - Other Profiles\Remasters\missions\exile.malden\infiSTAR_KeyBinds.hpp
C:\Users\Gerry\Documents\Arma 3 - Other Profiles\Remasters\missions\exile.malden\init.sqf
C:\Users\Gerry\Documents\Arma 3 - Other Profiles\Remasters\missions\exile.malden\initPlayerLocal.sqf
C:\Users\Gerry\Documents\Arma 3 - Other Profiles\Remasters\missions\exile.malden\initServer.sqf
C:\Users\Gerry\Documents\Arma 3 - Other Profiles\Remasters\missions\exile.malden\intro.sqf
C:\Users\Gerry\Documents\Arma 3 - Other Profiles\Remasters\missions\exile.malden\mission.sqm
C:\Users\Gerry\Documents\Arma 3 - Other Profiles\Remasters\missions\exile.malden\RscDefines.hpp
C:\Users\Gerry\Documents\Arma 3 - Other Profiles\Remasters\missions\exile.malden\stringtable.xml
C:\Users\Gerry\Documents\Arma 3 - Other Profiles\Remasters\missions\exile.malden\xm8_server_info.html
C:\Users\Gerry\Documents\Arma 3 - Other Profiles\Remasters\missions\exile.malden\x_reload.sqf
C:\Users\Gerry\Documents\Arma 3 - Other Profiles\Remasters\missions\exile.malden\Addons\StatusBar\statusBar.hpp
C:\Users\Gerry\Documents\Arma 3 - Other Profiles\Remasters\missions\exile.malden\Addons\StatusBar\statusBar.sqf
C:\Users\Gerry\Documents\Arma 3 - Other Profiles\Remasters\missions\exile.malden\Addons\StatusBar\icons\body.paa
C:\Users\Gerry\Documents\Arma 3 - Other Profiles\Remasters\missions\exile.malden\Addons\StatusBar\icons\compass.paa
C:\Users\Gerry\Documents\Arma 3 - Other Profiles\Remasters\missions\exile.malden\Addons\StatusBar\icons\exile.paa
C:\Users\Gerry\Documents\Arma 3 - Other Profiles\Remasters\missions\exile.malden\Addons\StatusBar\icons\fps.paa
C:\Users\Gerry\Documents\Arma 3 - Other Profiles\Remasters\missions\exile.malden\Addons\StatusBar\icons\health.paa
C:\Users\Gerry\Documents\Arma 3 - Other Profiles\Remasters\missions\exile.malden\Addons\StatusBar\icons\hunger.paa
C:\Users\Gerry\Documents\Arma 3 - Other Profiles\Remasters\missions\exile.malden\Addons\StatusBar\icons\locker.paa
C:\Users\Gerry\Documents\Arma 3 - Other Profiles\Remasters\missions\exile.malden\Addons\StatusBar\icons\players.paa
C:\Users\Gerry\Documents\Arma 3 - Other Profiles\Remasters\missions\exile.malden\Addons\StatusBar\icons\poptab_ca.paa
C:\Users\Gerry\Documents\Arma 3 - Other Profiles\Remasters\missions\exile.malden\Addons\StatusBar\icons\restart.paa
C:\Users\Gerry\Documents\Arma 3 - Other Profiles\Remasters\missions\exile.malden\Addons\StatusBar\icons\temp.paa
C:\Users\Gerry\Documents\Arma 3 - Other Profiles\Remasters\missions\exile.malden\Addons\StatusBar\icons\thirst.paa
C:\Users\Gerry\Documents\Arma 3 - Other Profiles\Remasters\missions\exile.malden\ClaimVehicles_Client\ClaimVehicles_Client_init.sqf
C:\Users\Gerry\Documents\Arma 3 - Other Profiles\Remasters\missions\exile.malden\ClaimVehicles_Client\functions\ExileClient_ClaimVehicles_network_claimRequestSend.sqf
C:\Users\Gerry\Documents\Arma 3 - Other Profiles\Remasters\missions\exile.malden\custom\EnigmaRevive\compiles.sqf
C:\Users\Gerry\Documents\Arma 3 - Other Profiles\Remasters\missions\exile.malden\custom\EnigmaRevive\Enigma_RevivePlyr.sqf
C:\Users\Gerry\Documents\Arma 3 - Other Profiles\Remasters\missions\exile.malden\custom\EnigmaRevive\ExileClient_object_player_death_startBleedingOut.sqf
C:\Users\Gerry\Documents\Arma 3 - Other Profiles\Remasters\missions\exile.malden\custom\EnigmaRevive\ExileClient_object_player_event_onInventoryOpened.sqf
C:\Users\Gerry\Documents\Arma 3 - Other Profiles\Remasters\missions\exile.malden\custom\EnigmaRevive\init.sqf
C:\Users\Gerry\Documents\Arma 3 - Other Profiles\Remasters\missions\exile.malden\custom\Overwrite\ExileClient_gui_traderDialog_updateInventoryDropdown.sqf
C:\Users\Gerry\Documents\Arma 3 - Other Profiles\Remasters\missions\exile.malden\custom\Overwrite\ExileClient_gui_wasteDumpDialog_show.sqf
C:\Users\Gerry\Documents\Arma 3 - Other Profiles\Remasters\missions\exile.malden\ExAdClient\CfgFunctions.cpp
C:\Users\Gerry\Documents\Arma 3 - Other Profiles\Remasters\missions\exile.malden\ExAdClient\CfgNetworkMessages.cpp
C:\Users\Gerry\Documents\Arma 3 - Other Profiles\Remasters\missions\exile.malden\ExAdClient\ExAd.cpp
C:\Users\Gerry\Documents\Arma 3 - Other Profiles\Remasters\missions\exile.malden\ExAdClient\RscTitles.cpp
C:\Users\Gerry\Documents\Arma 3 - Other Profiles\Remasters\missions\exile.malden\ExAdClient\Core\CfgFunctions.cpp
C:\Users\Gerry\Documents\Arma 3 - Other Profiles\Remasters\missions\exile.malden\ExAdClient\Core\CfgNetworkMessages.cpp
C:\Users\Gerry\Documents\Arma 3 - Other Profiles\Remasters\missions\exile.malden\ExAdClient\Core\customize.sqf
C:\Users\Gerry\Documents\Arma 3 - Other Profiles\Remasters\missions\exile.malden\ExAdClient\Core\postInit.sqf
C:\Users\Gerry\Documents\Arma 3 - Other Profiles\Remasters\missions\exile.malden\ExAdClient\Core\Functions\System\fn_debugHandler.sqf
C:\Users\Gerry\Documents\Arma 3 - Other Profiles\Remasters\missions\exile.malden\ExAdClient\Core\Functions\System\fn_incomingRequest.sqf
C:\Users\Gerry\Documents\Arma 3 - Other Profiles\Remasters\missions\exile.malden\ExAdClient\Core\Functions\System\fn_serverDispatch.sqf
C:\Users\Gerry\Documents\Arma 3 - Other Profiles\Remasters\missions\exile.malden\ExAdClient\Core\Functions\Utils\fn_advancedHint.sqf
C:\Users\Gerry\Documents\Arma 3 - Other Profiles\Remasters\missions\exile.malden\ExAdClient\Core\Functions\Utils\fn_call.sqf
C:\Users\Gerry\Documents\Arma 3 - Other Profiles\Remasters\missions\exile.malden\ExAdClient\Core\Functions\Utils\fn_getNearByLocalVeh.sqf
C:\Users\Gerry\Documents\Arma 3 - Other Profiles\Remasters\missions\exile.malden\ExAdClient\Core\Functions\Utils\fn_localize.sqf
C:\Users\Gerry\Documents\Arma 3 - Other Profiles\Remasters\missions\exile.malden\ExAdClient\Core\Img\exad_logo_128.paa
C:\Users\Gerry\Documents\Arma 3 - Other Profiles\Remasters\missions\exile.malden\ExAdClient\Core\Img\exad_logo_256.paa
C:\Users\Gerry\Documents\Arma 3 - Other Profiles\Remasters\missions\exile.malden\ExAdClient\Core\Img\exad_logo_512.paa
C:\Users\Gerry\Documents\Arma 3 - Other Profiles\Remasters\missions\exile.malden\ExAdClient\Core\Img\exad_logo_64.paa
C:\Users\Gerry\Documents\Arma 3 - Other Profiles\Remasters\missions\exile.malden\ExAdClient\Core\Img\logo.paa
C:\Users\Gerry\Documents\Arma 3 - Other Profiles\Remasters\missions\exile.malden\ExAdClient\HaloParachute\CfgFunctions.cpp
C:\Users\Gerry\Documents\Arma 3 - Other Profiles\Remasters\missions\exile.malden\ExAdClient\HaloParachute\customize.sqf
C:\Users\Gerry\Documents\Arma 3 - Other Profiles\Remasters\missions\exile.malden\ExAdClient\HaloParachute\postInit.sqf
C:\Users\Gerry\Documents\Arma 3 - Other Profiles\Remasters\missions\exile.malden\ExAdClient\HaloParachute\Functions\fn_ejectPlayer.sqf
C:\Users\Gerry\Documents\Arma 3 - Other Profiles\Remasters\missions\exile.malden\ExAdClient\HaloParachute\Functions\fn_parachuteSafeMode.sqf
C:\Users\Gerry\Documents\Arma 3 - Other Profiles\Remasters\missions\exile.malden\ExAdClient\HaloParachute\Functions\fn_pullParachute.sqf
C:\Users\Gerry\Documents\Arma 3 - Other Profiles\Remasters\missions\exile.malden\ExAdClient\HaloParachute\Functions\fn_showEject.sqf
C:\Users\Gerry\Documents\Arma 3 - Other Profiles\Remasters\missions\exile.malden\ExAdClient\HaloParachute\Functions\fn_showParachute.sqf
C:\Users\Gerry\Documents\Arma 3 - Other Profiles\Remasters\missions\exile.malden\ExAdClient\Scratchie\CfgFunctions.cpp
C:\Users\Gerry\Documents\Arma 3 - Other Profiles\Remasters\missions\exile.malden\ExAdClient\Scratchie\onClose.sqf
C:\Users\Gerry\Documents\Arma 3 - Other Profiles\Remasters\missions\exile.malden\ExAdClient\Scratchie\onLoad.sqf
C:\Users\Gerry\Documents\Arma 3 - Other Profiles\Remasters\missions\exile.malden\ExAdClient\Scratchie\onOpen.sqf
C:\Users\Gerry\Documents\Arma 3 - Other Profiles\Remasters\missions\exile.malden\ExAdClient\Scratchie\postInit.sqf
C:\Users\Gerry\Documents\Arma 3 - Other Profiles\Remasters\missions\exile.malden\ExAdClient\Scratchie\icons\scratchie-buy.paa
C:\Users\Gerry\Documents\Arma 3 - Other Profiles\Remasters\missions\exile.malden\ExAdClient\Scratchie\icons\scratchie-prize.paa
C:\Users\Gerry\Documents\Arma 3 - Other Profiles\Remasters\missions\exile.malden\ExAdClient\Scratchie\icons\scratchie.paa
C:\Users\Gerry\Documents\Arma 3 - Other Profiles\Remasters\missions\exile.malden\ExAdClient\StatsBar\base.cpp
C:\Users\Gerry\Documents\Arma 3 - Other Profiles\Remasters\missions\exile.malden\ExAdClient\StatsBar\CfgFunctions.cpp
C:\Users\Gerry\Documents\Arma 3 - Other Profiles\Remasters\missions\exile.malden\ExAdClient\StatsBar\customize.sqf
C:\Users\Gerry\Documents\Arma 3 - Other Profiles\Remasters\missions\exile.malden\ExAdClient\StatsBar\postInit.sqf
C:\Users\Gerry\Documents\Arma 3 - Other Profiles\Remasters\missions\exile.malden\ExAdClient\StatsBar\RscTitles.cpp
C:\Users\Gerry\Documents\Arma 3 - Other Profiles\Remasters\missions\exile.malden\ExAdClient\StatsBar\Functions\fn_formatNbrToPrefixStr.sqf
C:\Users\Gerry\Documents\Arma 3 - Other Profiles\Remasters\missions\exile.malden\ExAdClient\StatsBar\Functions\fn_formatSBImage.sqf
C:\Users\Gerry\Documents\Arma 3 - Other Profiles\Remasters\missions\exile.malden\ExAdClient\StatsBar\Functions\fn_formatSBOutput.sqf
C:\Users\Gerry\Documents\Arma 3 - Other Profiles\Remasters\missions\exile.malden\ExAdClient\StatsBar\Functions\fn_getBankStr.sqf
C:\Users\Gerry\Documents\Arma 3 - Other Profiles\Remasters\missions\exile.malden\ExAdClient\StatsBar\Functions\fn_getClanStr.sqf
C:\Users\Gerry\Documents\Arma 3 - Other Profiles\Remasters\missions\exile.malden\ExAdClient\StatsBar\Functions\fn_getCompassStr.sqf
C:\Users\Gerry\Documents\Arma 3 - Other Profiles\Remasters\missions\exile.malden\ExAdClient\StatsBar\Functions\fn_getFPSStr.sqf
C:\Users\Gerry\Documents\Arma 3 - Other Profiles\Remasters\missions\exile.malden\ExAdClient\StatsBar\Functions\fn_getGridStr.sqf
C:\Users\Gerry\Documents\Arma 3 - Other Profiles\Remasters\missions\exile.malden\ExAdClient\StatsBar\Functions\fn_getHPStr.sqf
C:\Users\Gerry\Documents\Arma 3 - Other Profiles\Remasters\missions\exile.malden\ExAdClient\StatsBar\Functions\fn_getHungerStr.sqf
C:\Users\Gerry\Documents\Arma 3 - Other Profiles\Remasters\missions\exile.malden\ExAdClient\StatsBar\Functions\fn_getKDStr.sqf
C:\Users\Gerry\Documents\Arma 3 - Other Profiles\Remasters\missions\exile.malden\ExAdClient\StatsBar\Functions\fn_getPlayersStr.sqf
C:\Users\Gerry\Documents\Arma 3 - Other Profiles\Remasters\missions\exile.malden\ExAdClient\StatsBar\Functions\fn_getRespectStr.sqf
C:\Users\Gerry\Documents\Arma 3 - Other Profiles\Remasters\missions\exile.malden\ExAdClient\StatsBar\Functions\fn_getSBColor.sqf
C:\Users\Gerry\Documents\Arma 3 - Other Profiles\Remasters\missions\exile.malden\ExAdClient\StatsBar\Functions\fn_getTempStr.sqf
C:\Users\Gerry\Documents\Arma 3 - Other Profiles\Remasters\missions\exile.malden\ExAdClient\StatsBar\Functions\fn_getThirstStr.sqf
C:\Users\Gerry\Documents\Arma 3 - Other Profiles\Remasters\missions\exile.malden\ExAdClient\StatsBar\Functions\fn_getTimerStr.sqf
C:\Users\Gerry\Documents\Arma 3 - Other Profiles\Remasters\missions\exile.malden\ExAdClient\StatsBar\Functions\fn_getWalletStr.sqf
C:\Users\Gerry\Documents\Arma 3 - Other Profiles\Remasters\missions\exile.malden\ExAdClient\StatsBar\Functions\fn_loadSB.sqf
C:\Users\Gerry\Documents\Arma 3 - Other Profiles\Remasters\missions\exile.malden\ExAdClient\StatsBar\Functions\fn_sbPowerToggle.sqf
C:\Users\Gerry\Documents\Arma 3 - Other Profiles\Remasters\missions\exile.malden\ExAdClient\StatsBar\Functions\fn_sbSave.sqf
C:\Users\Gerry\Documents\Arma 3 - Other Profiles\Remasters\missions\exile.malden\ExAdClient\StatsBar\Functions\fn_sbStop.sqf
C:\Users\Gerry\Documents\Arma 3 - Other Profiles\Remasters\missions\exile.malden\ExAdClient\StatsBar\Functions\fn_sbThread.sqf
C:\Users\Gerry\Documents\Arma 3 - Other Profiles\Remasters\missions\exile.malden\ExAdClient\StatsBar\Functions\fn_toggleExileHUD.sqf
C:\Users\Gerry\Documents\Arma 3 - Other Profiles\Remasters\missions\exile.malden\ExAdClient\StatsBar\Functions\fn_updateSB.sqf
C:\Users\Gerry\Documents\Arma 3 - Other Profiles\Remasters\missions\exile.malden\ExAdClient\StatsBar\Icons\ExAd_Bank.paa
C:\Users\Gerry\Documents\Arma 3 - Other Profiles\Remasters\missions\exile.malden\ExAdClient\StatsBar\Icons\ExAd_Compass.paa
C:\Users\Gerry\Documents\Arma 3 - Other Profiles\Remasters\missions\exile.malden\ExAdClient\StatsBar\Icons\ExAd_Family.paa
C:\Users\Gerry\Documents\Arma 3 - Other Profiles\Remasters\missions\exile.malden\ExAdClient\StatsBar\Icons\ExAd_Grid.paa
C:\Users\Gerry\Documents\Arma 3 - Other Profiles\Remasters\missions\exile.malden\ExAdClient\StatsBar\Icons\ExAd_Health.paa
C:\Users\Gerry\Documents\Arma 3 - Other Profiles\Remasters\missions\exile.malden\ExAdClient\StatsBar\Icons\ExAd_Hunger.paa
C:\Users\Gerry\Documents\Arma 3 - Other Profiles\Remasters\missions\exile.malden\ExAdClient\StatsBar\Icons\ExAd_KD.paa
C:\Users\Gerry\Documents\Arma 3 - Other Profiles\Remasters\missions\exile.malden\ExAdClient\StatsBar\Icons\ExAd_Players.paa
C:\Users\Gerry\Documents\Arma 3 - Other Profiles\Remasters\missions\exile.malden\ExAdClient\StatsBar\Icons\ExAd_Respect.paa
C:\Users\Gerry\Documents\Arma 3 - Other Profiles\Remasters\missions\exile.malden\ExAdClient\StatsBar\Icons\ExAd_Restart.paa
C:\Users\Gerry\Documents\Arma 3 - Other Profiles\Remasters\missions\exile.malden\ExAdClient\StatsBar\Icons\ExAd_Temp.paa
C:\Users\Gerry\Documents\Arma 3 - Other Profiles\Remasters\missions\exile.malden\ExAdClient\StatsBar\Icons\ExAd_Thirst.paa
C:\Users\Gerry\Documents\Arma 3 - Other Profiles\Remasters\missions\exile.malden\ExAdClient\StatsBar\Icons\ExAd_Wallet.paa
C:\Users\Gerry\Documents\Arma 3 - Other Profiles\Remasters\missions\exile.malden\ExAdClient\XM8\CfgFunctions.cpp
C:\Users\Gerry\Documents\Arma 3 - Other Profiles\Remasters\missions\exile.malden\ExAdClient\XM8\customize.sqf
C:\Users\Gerry\Documents\Arma 3 - Other Profiles\Remasters\missions\exile.malden\ExAdClient\XM8\postInit.sqf
C:\Users\Gerry\Documents\Arma 3 - Other Profiles\Remasters\missions\exile.malden\ExAdClient\XM8\Apps\CHVD\config.sqf
C:\Users\Gerry\Documents\Arma 3 - Other Profiles\Remasters\missions\exile.malden\ExAdClient\XM8\Apps\CHVD\Icon_CHVD.paa
C:\Users\Gerry\Documents\Arma 3 - Other Profiles\Remasters\missions\exile.malden\ExAdClient\XM8\Apps\CHVD\onClose.sqf
C:\Users\Gerry\Documents\Arma 3 - Other Profiles\Remasters\missions\exile.malden\ExAdClient\XM8\Apps\CHVD\onLoad.sqf
C:\Users\Gerry\Documents\Arma 3 - Other Profiles\Remasters\missions\exile.malden\ExAdClient\XM8\Apps\CHVD\onOpen.sqf
C:\Users\Gerry\Documents\Arma 3 - Other Profiles\Remasters\missions\exile.malden\ExAdClient\XM8\Apps\CHVD\Functions\fn_onCheckedChanged.sqf
C:\Users\Gerry\Documents\Arma 3 - Other Profiles\Remasters\missions\exile.malden\ExAdClient\XM8\Apps\CHVD\Functions\fn_onEBinput.sqf
C:\Users\Gerry\Documents\Arma 3 - Other Profiles\Remasters\missions\exile.malden\ExAdClient\XM8\Apps\CHVD\Functions\fn_onEBterrainInput.sqf
C:\Users\Gerry\Documents\Arma 3 - Other Profiles\Remasters\missions\exile.malden\ExAdClient\XM8\Apps\CHVD\Functions\fn_onLBSelChanged.sqf
C:\Users\Gerry\Documents\Arma 3 - Other Profiles\Remasters\missions\exile.malden\ExAdClient\XM8\Apps\CHVD\Functions\fn_onSliderChange.sqf
C:\Users\Gerry\Documents\Arma 3 - Other Profiles\Remasters\missions\exile.malden\ExAdClient\XM8\Apps\CHVD\Functions\fn_selTerrainQuality.sqf
C:\Users\Gerry\Documents\Arma 3 - Other Profiles\Remasters\missions\exile.malden\ExAdClient\XM8\Apps\CHVD\Functions\fn_updateSettings.sqf
C:\Users\Gerry\Documents\Arma 3 - Other Profiles\Remasters\missions\exile.malden\ExAdClient\XM8\Apps\CHVD\Functions\fn_updateTerrain.sqf
C:\Users\Gerry\Documents\Arma 3 - Other Profiles\Remasters\missions\exile.malden\ExAdClient\XM8\Apps\DeployVehicle\config.sqf
C:\Users\Gerry\Documents\Arma 3 - Other Profiles\Remasters\missions\exile.malden\ExAdClient\XM8\Apps\DeployVehicle\INSTALL.md
C:\Users\Gerry\Documents\Arma 3 - Other Profiles\Remasters\missions\exile.malden\ExAdClient\XM8\Apps\Info\Icon_SI.paa
C:\Users\Gerry\Documents\Arma 3 - Other Profiles\Remasters\missions\exile.malden\ExAdClient\XM8\Apps\Info\message.sqf
C:\Users\Gerry\Documents\Arma 3 - Other Profiles\Remasters\missions\exile.malden\ExAdClient\XM8\Apps\Info\onClose.sqf
C:\Users\Gerry\Documents\Arma 3 - Other Profiles\Remasters\missions\exile.malden\ExAdClient\XM8\Apps\Info\onLoad.sqf
C:\Users\Gerry\Documents\Arma 3 - Other Profiles\Remasters\missions\exile.malden\ExAdClient\XM8\Apps\Info\onOpen.sqf
C:\Users\Gerry\Documents\Arma 3 - Other Profiles\Remasters\missions\exile.malden\ExAdClient\XM8\Apps\Journal\config.sqf
C:\Users\Gerry\Documents\Arma 3 - Other Profiles\Remasters\missions\exile.malden\ExAdClient\XM8\Apps\Journal\ExAd_Scroll.paa
C:\Users\Gerry\Documents\Arma 3 - Other Profiles\Remasters\missions\exile.malden\ExAdClient\XM8\Apps\Journal\Icon_Journal.paa
C:\Users\Gerry\Documents\Arma 3 - Other Profiles\Remasters\missions\exile.malden\ExAdClient\XM8\Apps\Journal\onClose.sqf
C:\Users\Gerry\Documents\Arma 3 - Other Profiles\Remasters\missions\exile.malden\ExAdClient\XM8\Apps\Journal\onLoad.sqf
C:\Users\Gerry\Documents\Arma 3 - Other Profiles\Remasters\missions\exile.malden\ExAdClient\XM8\Apps\Journal\onOpen.sqf
C:\Users\Gerry\Documents\Arma 3 - Other Profiles\Remasters\missions\exile.malden\ExAdClient\XM8\Apps\SB_Settings\Icon_SB.paa
C:\Users\Gerry\Documents\Arma 3 - Other Profiles\Remasters\missions\exile.malden\ExAdClient\XM8\Apps\SB_Settings\onLoad.sqf
C:\Users\Gerry\Documents\Arma 3 - Other Profiles\Remasters\missions\exile.malden\ExAdClient\XM8\Apps\VG\Icon_VG.paa
C:\Users\Gerry\Documents\Arma 3 - Other Profiles\Remasters\missions\exile.malden\ExAdClient\XM8\Apps\VG\onClose.sqf
C:\Users\Gerry\Documents\Arma 3 - Other Profiles\Remasters\missions\exile.malden\ExAdClient\XM8\Apps\VG\onLoad.sqf
C:\Users\Gerry\Documents\Arma 3 - Other Profiles\Remasters\missions\exile.malden\ExAdClient\XM8\Apps\VG\onOpen.sqf
C:\Users\Gerry\Documents\Arma 3 - Other Profiles\Remasters\missions\exile.malden\ExAdClient\XM8\CustomCode\ExileClient_gui_xm8_show.sqf
C:\Users\Gerry\Documents\Arma 3 - Other Profiles\Remasters\missions\exile.malden\ExAdClient\XM8\CustomCode\ExileClient_gui_xm8_slide.sqf
C:\Users\Gerry\Documents\Arma 3 - Other Profiles\Remasters\missions\exile.malden\ExAdClient\XM8\Functions\fn_addApps.sqf
C:\Users\Gerry\Documents\Arma 3 - Other Profiles\Remasters\missions\exile.malden\ExAdClient\XM8\Functions\fn_createBackgroundGUI.sqf
C:\Users\Gerry\Documents\Arma 3 - Other Profiles\Remasters\missions\exile.malden\ExAdClient\XM8\Functions\fn_createButton.sqf
C:\Users\Gerry\Documents\Arma 3 - Other Profiles\Remasters\missions\exile.malden\ExAdClient\XM8\Functions\fn_createCheckBox.sqf
C:\Users\Gerry\Documents\Arma 3 - Other Profiles\Remasters\missions\exile.malden\ExAdClient\XM8\Functions\fn_createCombo.sqf
C:\Users\Gerry\Documents\Arma 3 - Other Profiles\Remasters\missions\exile.malden\ExAdClient\XM8\Functions\fn_createCtrlGrp.sqf
C:\Users\Gerry\Documents\Arma 3 - Other Profiles\Remasters\missions\exile.malden\ExAdClient\XM8\Functions\fn_createEdit.sqf
C:\Users\Gerry\Documents\Arma 3 - Other Profiles\Remasters\missions\exile.malden\ExAdClient\XM8\Functions\fn_createExtraApps.sqf
C:\Users\Gerry\Documents\Arma 3 - Other Profiles\Remasters\missions\exile.malden\ExAdClient\XM8\Functions\fn_createFrame.sqf
C:\Users\Gerry\Documents\Arma 3 - Other Profiles\Remasters\missions\exile.malden\ExAdClient\XM8\Functions\fn_createList.sqf
C:\Users\Gerry\Documents\Arma 3 - Other Profiles\Remasters\missions\exile.malden\ExAdClient\XM8\Functions\fn_createPicture.sqf
C:\Users\Gerry\Documents\Arma 3 - Other Profiles\Remasters\missions\exile.malden\ExAdClient\XM8\Functions\fn_createStructuredText.sqf
C:\Users\Gerry\Documents\Arma 3 - Other Profiles\Remasters\missions\exile.malden\ExAdClient\XM8\Functions\fn_createXList.sqf
C:\Users\Gerry\Documents\Arma 3 - Other Profiles\Remasters\missions\exile.malden\ExAdClient\XM8\Functions\fn_createXSliderH.sqf
C:\Users\Gerry\Documents\Arma 3 - Other Profiles\Remasters\missions\exile.malden\ExAdClient\XM8\Functions\fn_getAppCtrl.sqf
C:\Users\Gerry\Documents\Arma 3 - Other Profiles\Remasters\missions\exile.malden\ExAdClient\XM8\Functions\fn_getBlankSpace.sqf
C:\Users\Gerry\Documents\Arma 3 - Other Profiles\Remasters\missions\exile.malden\ExAdClient\XM8\Functions\fn_getNextIDC.sqf
C:\Users\Gerry\Documents\Arma 3 - Other Profiles\Remasters\missions\exile.malden\ExAdClient\XM8\Functions\fn_prepareSlider.sqf
C:\Users\Gerry\Documents\Arma 3 - Other Profiles\Remasters\missions\exile.malden\R3F_LOG\changelog.txt
C:\Users\Gerry\Documents\Arma 3 - Other Profiles\Remasters\missions\exile.malden\R3F_LOG\config.sqf
C:\Users\Gerry\Documents\Arma 3 - Other Profiles\Remasters\missions\exile.malden\R3F_LOG\config_creation_factory.sqf
C:\Users\Gerry\Documents\Arma 3 - Other Profiles\Remasters\missions\exile.malden\R3F_LOG\desc_include.h
C:\Users\Gerry\Documents\Arma 3 - Other Profiles\Remasters\missions\exile.malden\R3F_LOG\en_strings_lang.sqf
C:\Users\Gerry\Documents\Arma 3 - Other Profiles\Remasters\missions\exile.malden\R3F_LOG\fr_strings_lang.sqf
C:\Users\Gerry\Documents\Arma 3 - Other Profiles\Remasters\missions\exile.malden\R3F_LOG\init.sqf
C:\Users\Gerry\Documents\Arma 3 - Other Profiles\Remasters\missions\exile.malden\R3F_LOG\r3f_log_enable.h
C:\Users\Gerry\Documents\Arma 3 - Other Profiles\Remasters\missions\exile.malden\R3F_LOG\readme.txt
C:\Users\Gerry\Documents\Arma 3 - Other Profiles\Remasters\missions\exile.malden\R3F_LOG\surveiller_conditions_actions_menu.sqf
C:\Users\Gerry\Documents\Arma 3 - Other Profiles\Remasters\missions\exile.malden\R3F_LOG\surveiller_nouveaux_objets.sqf
C:\Users\Gerry\Documents\Arma 3 - Other Profiles\Remasters\missions\exile.malden\R3F_LOG\surveiller_objets_a_proteger.sqf
C:\Users\Gerry\Documents\Arma 3 - Other Profiles\Remasters\missions\exile.malden\R3F_LOG\systeme_protection_blessures.sqf
C:\Users\Gerry\Documents\Arma 3 - Other Profiles\Remasters\missions\exile.malden\R3F_LOG\todolist.txt
C:\Users\Gerry\Documents\Arma 3 - Other Profiles\Remasters\missions\exile.malden\R3F_LOG\addons_config\a3_vanilla.sqf
C:\Users\Gerry\Documents\Arma 3 - Other Profiles\Remasters\missions\exile.malden\R3F_LOG\addons_config\all_in_arma.sqf
C:\Users\Gerry\Documents\Arma 3 - Other Profiles\Remasters\missions\exile.malden\R3F_LOG\addons_config\cup.sqf
C:\Users\Gerry\Documents\Arma 3 - Other Profiles\Remasters\missions\exile.malden\R3F_LOG\addons_config\cup_vehicles.rar
C:\Users\Gerry\Documents\Arma 3 - Other Profiles\Remasters\missions\exile.malden\R3F_LOG\addons_config\exile.sqf
C:\Users\Gerry\Documents\Arma 3 - Other Profiles\Remasters\missions\exile.malden\R3F_LOG\addons_config\r3f_addons.sqf
C:\Users\Gerry\Documents\Arma 3 - Other Profiles\Remasters\missions\exile.malden\R3F_LOG\addons_config\super.sqf
C:\Users\Gerry\Documents\Arma 3 - Other Profiles\Remasters\missions\exile.malden\R3F_LOG\addons_config\template.sqf
C:\Users\Gerry\Documents\Arma 3 - Other Profiles\Remasters\missions\exile.malden\R3F_LOG\addons_config\a3_vanilla\air.sqf
C:\Users\Gerry\Documents\Arma 3 - Other Profiles\Remasters\missions\exile.malden\R3F_LOG\addons_config\a3_vanilla\building.sqf
C:\Users\Gerry\Documents\Arma 3 - Other Profiles\Remasters\missions\exile.malden\R3F_LOG\addons_config\a3_vanilla\delta_a3_1.32_to_1.35.sqf
C:\Users\Gerry\Documents\Arma 3 - Other Profiles\Remasters\missions\exile.malden\R3F_LOG\addons_config\a3_vanilla\landvehicle.sqf
C:\Users\Gerry\Documents\Arma 3 - Other Profiles\Remasters\missions\exile.malden\R3F_LOG\addons_config\a3_vanilla\others.sqf
C:\Users\Gerry\Documents\Arma 3 - Other Profiles\Remasters\missions\exile.malden\R3F_LOG\addons_config\a3_vanilla\reammobox_f.sqf
C:\Users\Gerry\Documents\Arma 3 - Other Profiles\Remasters\missions\exile.malden\R3F_LOG\addons_config\a3_vanilla\ship.sqf
C:\Users\Gerry\Documents\Arma 3 - Other Profiles\Remasters\missions\exile.malden\R3F_LOG\addons_config\a3_vanilla\staticweapon.sqf
C:\Users\Gerry\Documents\Arma 3 - Other Profiles\Remasters\missions\exile.malden\R3F_LOG\addons_config\all_in_arma\air.sqf
C:\Users\Gerry\Documents\Arma 3 - Other Profiles\Remasters\missions\exile.malden\R3F_LOG\addons_config\all_in_arma\building.sqf
C:\Users\Gerry\Documents\Arma 3 - Other Profiles\Remasters\missions\exile.malden\R3F_LOG\addons_config\all_in_arma\landvehicle.sqf
C:\Users\Gerry\Documents\Arma 3 - Other Profiles\Remasters\missions\exile.malden\R3F_LOG\addons_config\all_in_arma\others.sqf
C:\Users\Gerry\Documents\Arma 3 - Other Profiles\Remasters\missions\exile.malden\R3F_LOG\addons_config\all_in_arma\reammobox.sqf
C:\Users\Gerry\Documents\Arma 3 - Other Profiles\Remasters\missions\exile.malden\R3F_LOG\addons_config\all_in_arma\ship.sqf
C:\Users\Gerry\Documents\Arma 3 - Other Profiles\Remasters\missions\exile.malden\R3F_LOG\addons_config\cup\air.sqf
C:\Users\Gerry\Documents\Arma 3 - Other Profiles\Remasters\missions\exile.malden\R3F_LOG\addons_config\cup\building.sqf
C:\Users\Gerry\Documents\Arma 3 - Other Profiles\Remasters\missions\exile.malden\R3F_LOG\addons_config\cup\landvehicle.sqf
C:\Users\Gerry\Documents\Arma 3 - Other Profiles\Remasters\missions\exile.malden\R3F_LOG\addons_config\cup\others.sqf
C:\Users\Gerry\Documents\Arma 3 - Other Profiles\Remasters\missions\exile.malden\R3F_LOG\addons_config\cup\reammobox.sqf
C:\Users\Gerry\Documents\Arma 3 - Other Profiles\Remasters\missions\exile.malden\R3F_LOG\addons_config\cup\ship.sqf
C:\Users\Gerry\Documents\Arma 3 - Other Profiles\Remasters\missions\exile.malden\R3F_LOG\addons_config\exile\air.sqf
C:\Users\Gerry\Documents\Arma 3 - Other Profiles\Remasters\missions\exile.malden\R3F_LOG\addons_config\exile\building.sqf
C:\Users\Gerry\Documents\Arma 3 - Other Profiles\Remasters\missions\exile.malden\R3F_LOG\addons_config\exile\landvehicle.sqf
C:\Users\Gerry\Documents\Arma 3 - Other Profiles\Remasters\missions\exile.malden\R3F_LOG\addons_config\exile\others.sqf
C:\Users\Gerry\Documents\Arma 3 - Other Profiles\Remasters\missions\exile.malden\R3F_LOG\addons_config\exile\reammobox.sqf
C:\Users\Gerry\Documents\Arma 3 - Other Profiles\Remasters\missions\exile.malden\R3F_LOG\addons_config\exile\ship.sqf
C:\Users\Gerry\Documents\Arma 3 - Other Profiles\Remasters\missions\exile.malden\R3F_LOG\addons_config\logistics_config_maker_tool\dump_config.sqf
C:\Users\Gerry\Documents\Arma 3 - Other Profiles\Remasters\missions\exile.malden\R3F_LOG\addons_config\logistics_config_maker_tool\launch_config_tool.sqf
C:\Users\Gerry\Documents\Arma 3 - Other Profiles\Remasters\missions\exile.malden\R3F_LOG\addons_config\logistics_config_maker_tool\list_of_objects_to_config.sqf
C:\Users\Gerry\Documents\Arma 3 - Other Profiles\Remasters\missions\exile.malden\R3F_LOG\addons_config\logistics_config_maker_tool\readme.txt
C:\Users\Gerry\Documents\Arma 3 - Other Profiles\Remasters\missions\exile.malden\R3F_LOG\addons_config\super\air.sqf
C:\Users\Gerry\Documents\Arma 3 - Other Profiles\Remasters\missions\exile.malden\R3F_LOG\addons_config\super\building.sqf
C:\Users\Gerry\Documents\Arma 3 - Other Profiles\Remasters\missions\exile.malden\R3F_LOG\addons_config\super\landvehicle.sqf
C:\Users\Gerry\Documents\Arma 3 - Other Profiles\Remasters\missions\exile.malden\R3F_LOG\addons_config\super\others.sqf
C:\Users\Gerry\Documents\Arma 3 - Other Profiles\Remasters\missions\exile.malden\R3F_LOG\addons_config\super\reammobox.sqf
C:\Users\Gerry\Documents\Arma 3 - Other Profiles\Remasters\missions\exile.malden\R3F_LOG\addons_config\super\ship.sqf
C:\Users\Gerry\Documents\Arma 3 - Other Profiles\Remasters\missions\exile.malden\R3F_LOG\fonctions_generales\determiner_fonctionnalites_logistique.sqf
C:\Users\Gerry\Documents\Arma 3 - Other Profiles\Remasters\missions\exile.malden\R3F_LOG\fonctions_generales\formater_fonctionnalites_logistique.sqf
C:\Users\Gerry\Documents\Arma 3 - Other Profiles\Remasters\missions\exile.malden\R3F_LOG\fonctions_generales\formater_nombre_entier_milliers.sqf
C:\Users\Gerry\Documents\Arma 3 - Other Profiles\Remasters\missions\exile.malden\R3F_LOG\fonctions_generales\lib_geometrie_3d.sqf
C:\Users\Gerry\Documents\Arma 3 - Other Profiles\Remasters\missions\exile.malden\R3F_LOG\fonctions_generales\lib_visualisation_objet.sqf
C:\Users\Gerry\Documents\Arma 3 - Other Profiles\Remasters\missions\exile.malden\R3F_LOG\fonctions_generales\unite_marche_dessus.sqf
C:\Users\Gerry\Documents\Arma 3 - Other Profiles\Remasters\missions\exile.malden\R3F_LOG\heliporteur\heliporter.sqf
C:\Users\Gerry\Documents\Arma 3 - Other Profiles\Remasters\missions\exile.malden\R3F_LOG\heliporteur\heliporteur_init.sqf
C:\Users\Gerry\Documents\Arma 3 - Other Profiles\Remasters\missions\exile.malden\R3F_LOG\heliporteur\larguer.sqf
C:\Users\Gerry\Documents\Arma 3 - Other Profiles\Remasters\missions\exile.malden\R3F_LOG\objet_commun\definir_proprietaire_verrou.sqf
C:\Users\Gerry\Documents\Arma 3 - Other Profiles\Remasters\missions\exile.malden\R3F_LOG\objet_commun\deverrouiller_objet.sqf
C:\Users\Gerry\Documents\Arma 3 - Other Profiles\Remasters\missions\exile.malden\R3F_LOG\objet_commun\objet_est_verrouille.sqf
C:\Users\Gerry\Documents\Arma 3 - Other Profiles\Remasters\missions\exile.malden\R3F_LOG\objet_commun\objet_init.sqf
C:\Users\Gerry\Documents\Arma 3 - Other Profiles\Remasters\missions\exile.malden\R3F_LOG\objet_deplacable\deplacer.sqf
C:\Users\Gerry\Documents\Arma 3 - Other Profiles\Remasters\missions\exile.malden\R3F_LOG\objet_deplacable\ExileClient_cratedump_network_receiveMoneyAndRespect.sqf
C:\Users\Gerry\Documents\Arma 3 - Other Profiles\Remasters\missions\exile.malden\R3F_LOG\objet_deplacable\relacher.sqf
C:\Users\Gerry\Documents\Arma 3 - Other Profiles\Remasters\missions\exile.malden\R3F_LOG\remorqueur\detacher.sqf
C:\Users\Gerry\Documents\Arma 3 - Other Profiles\Remasters\missions\exile.malden\R3F_LOG\remorqueur\remorquer_deplace.sqf
C:\Users\Gerry\Documents\Arma 3 - Other Profiles\Remasters\missions\exile.malden\R3F_LOG\remorqueur\remorquer_direct.sqf
C:\Users\Gerry\Documents\Arma 3 - Other Profiles\Remasters\missions\exile.malden\R3F_LOG\remorqueur\remorqueur_init.sqf
C:\Users\Gerry\Documents\Arma 3 - Other Profiles\Remasters\missions\exile.malden\R3F_LOG\transporteur\calculer_chargement_vehicule.sqf
C:\Users\Gerry\Documents\Arma 3 - Other Profiles\Remasters\missions\exile.malden\R3F_LOG\transporteur\charger_auto.sqf
C:\Users\Gerry\Documents\Arma 3 - Other Profiles\Remasters\missions\exile.malden\R3F_LOG\transporteur\charger_deplace.sqf
C:\Users\Gerry\Documents\Arma 3 - Other Profiles\Remasters\missions\exile.malden\R3F_LOG\transporteur\charger_selection.sqf
C:\Users\Gerry\Documents\Arma 3 - Other Profiles\Remasters\missions\exile.malden\R3F_LOG\transporteur\decharger.sqf
C:\Users\Gerry\Documents\Arma 3 - Other Profiles\Remasters\missions\exile.malden\R3F_LOG\transporteur\dlg_constantes.h
C:\Users\Gerry\Documents\Arma 3 - Other Profiles\Remasters\missions\exile.malden\R3F_LOG\transporteur\dlg_contenu_vehicule.h
C:\Users\Gerry\Documents\Arma 3 - Other Profiles\Remasters\missions\exile.malden\R3F_LOG\transporteur\selectionner_objet.sqf
C:\Users\Gerry\Documents\Arma 3 - Other Profiles\Remasters\missions\exile.malden\R3F_LOG\transporteur\transporteur_init.sqf
C:\Users\Gerry\Documents\Arma 3 - Other Profiles\Remasters\missions\exile.malden\R3F_LOG\transporteur\voir_contenu_vehicule.sqf
C:\Users\Gerry\Documents\Arma 3 - Other Profiles\Remasters\missions\exile.malden\R3F_LOG\user_funct\auto_load_in_vehicle.sqf
C:\Users\Gerry\Documents\Arma 3 - Other Profiles\Remasters\missions\exile.malden\R3F_LOG\user_funct\do_not_lose_it.sqf
C:\Users\Gerry\Documents\Arma 3 - Other Profiles\Remasters\missions\exile.malden\R3F_LOG\user_funct\dump_creation_factory_categories.sqf
C:\Users\Gerry\Documents\Arma 3 - Other Profiles\Remasters\missions\exile.malden\R3F_LOG\user_funct\init_creation_factory.sqf
C:\Users\Gerry\Documents\Arma 3 - Other Profiles\Remasters\missions\exile.malden\R3F_LOG\user_funct\watch_objects_to_not_lose.sqf
C:\Users\Gerry\Documents\Arma 3 - Other Profiles\Remasters\missions\exile.malden\R3F_LOG\usine_creation\creer_objet.sqf
C:\Users\Gerry\Documents\Arma 3 - Other Profiles\Remasters\missions\exile.malden\R3F_LOG\usine_creation\determiner_cout_creation.sqf
C:\Users\Gerry\Documents\Arma 3 - Other Profiles\Remasters\missions\exile.malden\R3F_LOG\usine_creation\dlg_constantes.h
C:\Users\Gerry\Documents\Arma 3 - Other Profiles\Remasters\missions\exile.malden\R3F_LOG\usine_creation\dlg_liste_objets.h
C:\Users\Gerry\Documents\Arma 3 - Other Profiles\Remasters\missions\exile.malden\R3F_LOG\usine_creation\memoriser_dlg_liste_objets.sqf
C:\Users\Gerry\Documents\Arma 3 - Other Profiles\Remasters\missions\exile.malden\R3F_LOG\usine_creation\ouvrir_usine.sqf
C:\Users\Gerry\Documents\Arma 3 - Other Profiles\Remasters\missions\exile.malden\R3F_LOG\usine_creation\recuperer_liste_cfgvehicles_par_categories.sqf
C:\Users\Gerry\Documents\Arma 3 - Other Profiles\Remasters\missions\exile.malden\R3F_LOG\usine_creation\remplir_liste_objets.sqf
C:\Users\Gerry\Documents\Arma 3 - Other Profiles\Remasters\missions\exile.malden\R3F_LOG\usine_creation\revendre_deplace.sqf
C:\Users\Gerry\Documents\Arma 3 - Other Profiles\Remasters\missions\exile.malden\R3F_LOG\usine_creation\revendre_direct.sqf
C:\Users\Gerry\Documents\Arma 3 - Other Profiles\Remasters\missions\exile.malden\R3F_LOG\usine_creation\revendre_selection.sqf
C:\Users\Gerry\Documents\Arma 3 - Other Profiles\Remasters\missions\exile.malden\R3F_LOG\usine_creation\usine_init.sqf
